<?xml version="1.0" encoding="UTF-8"?>
<coverage generated="1438884532">
  <project timestamp="1438884532">
    <package name="Iono\Lom">
      <file name="/Applications/MAMP/htdocs/Lom/src/Access.php">
        <class name="Access" namespace="Iono\Lom" fullPackage="Iono" package="Iono">
          <metrics methods="0" coveredmethods="0" conditionals="0" coveredconditionals="0" statements="0" coveredstatements="0" elements="0" coveredelements="0"/>
        </class>
        <metrics loc="32" ncloc="13" classes="1" methods="0" coveredmethods="0" conditionals="0" coveredconditionals="0" statements="0" coveredstatements="0" elements="0" coveredelements="0"/>
      </file>
      <file name="/Applications/MAMP/htdocs/Lom/src/AnnotationRegister.php">
        <class name="AnnotationRegister" namespace="Iono\Lom" fullPackage="Iono" package="Iono">
          <metrics methods="2" coveredmethods="2" conditionals="0" coveredconditionals="0" statements="9" coveredstatements="9" elements="11" coveredelements="11"/>
        </class>
        <line num="32" type="method" name="register" crap="3" count="8"/>
        <line num="34" type="stmt" count="8"/>
        <line num="35" type="stmt" count="8"/>
        <line num="36" type="stmt" count="8"/>
        <line num="37" type="stmt" count="8"/>
        <line num="38" type="stmt" count="8"/>
        <line num="39" type="stmt" count="8"/>
        <line num="40" type="stmt" count="8"/>
        <line num="42" type="stmt" count="8"/>
        <line num="48" type="method" name="getReader" crap="1" count="8"/>
        <line num="50" type="stmt" count="8"/>
        <metrics loc="52" ncloc="28" classes="1" methods="2" coveredmethods="2" conditionals="0" coveredconditionals="0" statements="9" coveredstatements="9" elements="11" coveredelements="11"/>
      </file>
      <file name="/Applications/MAMP/htdocs/Lom/src/CodeParser.php">
        <class name="CodeParser" namespace="Iono\Lom" fullPackage="Iono" package="Iono">
          <metrics methods="2" coveredmethods="2" conditionals="0" coveredconditionals="0" statements="5" coveredstatements="5" elements="7" coveredelements="7"/>
        </class>
        <line num="32" type="method" name="__construct" crap="1" count="9"/>
        <line num="34" type="stmt" count="9"/>
        <line num="35" type="stmt" count="9"/>
        <line num="41" type="method" name="parser" crap="1" count="8"/>
        <line num="43" type="stmt" count="8"/>
        <line num="44" type="stmt" count="8"/>
        <line num="45" type="stmt" count="8"/>
        <metrics loc="47" ncloc="24" classes="1" methods="2" coveredmethods="2" conditionals="0" coveredconditionals="0" statements="5" coveredstatements="5" elements="7" coveredelements="7"/>
      </file>
      <file name="/Applications/MAMP/htdocs/Lom/src/Constants.php">
        <class name="Constants" namespace="Iono\Lom" fullPackage="Iono" package="Iono">
          <metrics methods="0" coveredmethods="0" conditionals="0" coveredconditionals="0" statements="0" coveredstatements="0" elements="0" coveredelements="0"/>
        </class>
        <metrics loc="25" ncloc="7" classes="1" methods="0" coveredmethods="0" conditionals="0" coveredconditionals="0" statements="0" coveredstatements="0" elements="0" coveredelements="0"/>
      </file>
      <file name="/Applications/MAMP/htdocs/Lom/src/Lom.php">
        <class name="Lom" namespace="Iono\Lom" fullPackage="Iono" package="Iono">
          <metrics methods="10" coveredmethods="8" conditionals="0" coveredconditionals="0" statements="51" coveredstatements="45" elements="61" coveredelements="53"/>
        </class>
        <line num="49" type="method" name="__construct" crap="1" count="7"/>
        <line num="51" type="stmt" count="7"/>
        <line num="52" type="stmt" count="7"/>
        <line num="58" type="method" name="target" crap="1" count="7"/>
        <line num="60" type="stmt" count="7"/>
        <line num="62" type="stmt" count="7"/>
        <line num="69" type="method" name="register" crap="1" count="7"/>
        <line num="71" type="stmt" count="7"/>
        <line num="73" type="stmt" count="7"/>
        <line num="80" type="method" name="generateCode" crap="4.73" count="7"/>
        <line num="82" type="stmt" count="7"/>
        <line num="83" type="stmt" count="7"/>
        <line num="84" type="stmt" count="6"/>
        <line num="86" type="stmt" count="6"/>
        <line num="87" type="stmt" count="6"/>
        <line num="88" type="stmt" count="5"/>
        <line num="89" type="stmt" count="5"/>
        <line num="90" type="stmt" count="6"/>
        <line num="91" type="stmt" count="6"/>
        <line num="93" type="stmt" count="0"/>
        <line num="94" type="stmt" count="0"/>
        <line num="95" type="stmt" count="0"/>
        <line num="96" type="stmt" count="0"/>
        <line num="97" type="stmt" count="0"/>
        <line num="104" type="method" name="parseClassAnnotations" crap="2" count="7"/>
        <line num="106" type="stmt" count="7"/>
        <line num="107" type="stmt" count="7"/>
        <line num="108" type="stmt" count="6"/>
        <line num="109" type="stmt" count="5"/>
        <line num="110" type="stmt" count="6"/>
        <line num="111" type="stmt" count="6"/>
        <line num="116" type="method" name="parsePropertyAnnotations" crap="3" count="6"/>
        <line num="118" type="stmt" count="6"/>
        <line num="119" type="stmt" count="6"/>
        <line num="120" type="stmt" count="1"/>
        <line num="121" type="stmt" count="1"/>
        <line num="122" type="stmt" count="6"/>
        <line num="123" type="stmt" count="6"/>
        <line num="124" type="stmt" count="6"/>
        <line num="129" type="method" name="detectException" crap="5.03" count="7"/>
        <line num="131" type="stmt" count="7"/>
        <line num="132" type="stmt" count="7"/>
        <line num="133" type="stmt" count="7"/>
        <line num="134" type="stmt" count="1"/>
        <line num="136" type="stmt" count="6"/>
        <line num="137" type="stmt" count="6"/>
        <line num="138" type="stmt" count="6"/>
        <line num="139" type="stmt" count="0"/>
        <line num="141" type="stmt" count="6"/>
        <line num="149" type="method" name="generator" crap="2" count="5"/>
        <line num="152" type="stmt" count="5"/>
        <line num="153" type="stmt" count="5"/>
        <line num="154" type="stmt" count="5"/>
        <line num="155" type="stmt" count="1"/>
        <line num="156" type="stmt" count="1"/>
        <line num="158" type="stmt" count="5"/>
        <line num="164" type="method" name="setProperty" crap="1" count="1"/>
        <line num="166" type="stmt" count="1"/>
        <line num="167" type="stmt" count="1"/>
        <line num="172" type="method" name="getParsed" crap="1" count="1"/>
        <line num="174" type="stmt" count="1"/>
        <metrics loc="176" ncloc="117" classes="1" methods="10" coveredmethods="8" conditionals="0" coveredconditionals="0" statements="51" coveredstatements="45" elements="61" coveredelements="53"/>
      </file>
    </package>
    <package name="Iono\Lom\Exception">
      <file name="/Applications/MAMP/htdocs/Lom/src/Exception/InconsistencyException.php">
        <class name="InconsistencyException" namespace="Iono\Lom\Exception" fullPackage="Iono" package="Iono">
          <metrics methods="0" coveredmethods="0" conditionals="0" coveredconditionals="0" statements="0" coveredstatements="0" elements="0" coveredelements="0"/>
        </class>
        <metrics loc="27" ncloc="10" classes="1" methods="0" coveredmethods="0" conditionals="0" coveredconditionals="0" statements="0" coveredstatements="0" elements="0" coveredelements="0"/>
      </file>
    </package>
    <package name="Iono\Lom\Factory">
      <file name="/Applications/MAMP/htdocs/Lom/src/Factory/AbstractDriver.php">
        <class name="AbstractDriver" namespace="Iono\Lom\Factory" fullPackage="Iono" package="Iono">
          <metrics methods="8" coveredmethods="7" conditionals="0" coveredconditionals="0" statements="31" coveredstatements="29" elements="39" coveredelements="36"/>
        </class>
        <line num="52" type="method" name="__construct" crap="1" count="6"/>
        <line num="54" type="stmt" count="6"/>
        <line num="55" type="stmt" count="6"/>
        <line num="56" type="stmt" count="6"/>
        <line num="65" type="method" name="setReflector" crap="1" count="6"/>
        <line num="67" type="stmt" count="6"/>
        <line num="69" type="stmt" count="6"/>
        <line num="77" type="method" name="setAnnotationInstance" crap="1" count="4"/>
        <line num="79" type="stmt" count="4"/>
        <line num="81" type="stmt" count="4"/>
        <line num="89" type="method" name="removeConstructor" crap="2" count="2"/>
        <line num="91" type="stmt" count="2"/>
        <line num="92" type="stmt" count="1"/>
        <line num="93" type="stmt" count="1"/>
        <line num="94" type="stmt" count="2"/>
        <line num="100" type="method" name="removeMethod" crap="4" count="2"/>
        <line num="102" type="stmt" count="2"/>
        <line num="103" type="stmt" count="2"/>
        <line num="104" type="stmt" count="2"/>
        <line num="105" type="stmt" count="2"/>
        <line num="106" type="stmt" count="2"/>
        <line num="107" type="stmt" count="2"/>
        <line num="108" type="stmt" count="2"/>
        <line num="109" type="stmt" count="2"/>
        <line num="116" type="method" name="setProperty" crap="1" count="1"/>
        <line num="118" type="stmt" count="1"/>
        <line num="120" type="stmt" count="1"/>
        <line num="128" type="method" name="setMethod" crap="2" count="0"/>
        <line num="130" type="stmt" count="0"/>
        <line num="132" type="stmt" count="0"/>
        <line num="140" type="method" name="setAccessLevel" crap="3" count="3"/>
        <line num="142" type="stmt" count="3"/>
        <line num="143" type="stmt" count="3"/>
        <line num="144" type="stmt" count="1"/>
        <line num="146" type="stmt" count="3"/>
        <line num="147" type="stmt" count="1"/>
        <line num="149" type="stmt" count="2"/>
        <line num="150" type="stmt" count="2"/>
        <line num="152" type="stmt" count="2"/>
        <metrics loc="154" ncloc="92" classes="1" methods="8" coveredmethods="7" conditionals="0" coveredconditionals="0" statements="31" coveredstatements="29" elements="39" coveredelements="36"/>
      </file>
      <file name="/Applications/MAMP/htdocs/Lom/src/Factory/AllArgsConstructorDriver.php">
        <class name="AllArgsConstructorDriver" namespace="Iono\Lom\Factory" fullPackage="Iono" package="Iono">
          <metrics methods="2" coveredmethods="1" conditionals="0" coveredconditionals="0" statements="30" coveredstatements="27" elements="32" coveredelements="28"/>
        </class>
        <line num="31" type="method" name="generator" crap="6.29" count="2"/>
        <line num="33" type="stmt" count="2"/>
        <line num="35" type="stmt" count="2"/>
        <line num="37" type="stmt" count="2"/>
        <line num="38" type="stmt" count="2"/>
        <line num="39" type="stmt" count="2"/>
        <line num="40" type="stmt" count="2"/>
        <line num="41" type="stmt" count="2"/>
        <line num="42" type="stmt" count="0"/>
        <line num="43" type="stmt" count="0"/>
        <line num="44" type="stmt" count="0"/>
        <line num="45" type="stmt" count="2"/>
        <line num="46" type="stmt" count="2"/>
        <line num="47" type="stmt" count="2"/>
        <line num="48" type="stmt" count="2"/>
        <line num="50" type="stmt" count="2"/>
        <line num="56" type="method" name="createConstructor" crap="2" count="2"/>
        <line num="58" type="stmt" count="2"/>
        <line num="59" type="stmt" count="2"/>
        <line num="60" type="stmt" count="2"/>
        <line num="61" type="stmt" count="2"/>
        <line num="62" type="stmt" count="2"/>
        <line num="63" type="stmt" count="2"/>
        <line num="64" type="stmt" count="2"/>
        <line num="65" type="stmt" count="2"/>
        <line num="66" type="stmt" count="2"/>
        <line num="68" type="stmt" count="2"/>
        <line num="69" type="stmt" count="2"/>
        <line num="71" type="stmt" count="2"/>
        <line num="72" type="stmt" count="2"/>
        <line num="73" type="stmt" count="2"/>
        <line num="74" type="stmt" count="2"/>
        <metrics loc="77" ncloc="51" classes="1" methods="2" coveredmethods="1" conditionals="0" coveredconditionals="0" statements="30" coveredstatements="27" elements="32" coveredelements="28"/>
      </file>
      <file name="/Applications/MAMP/htdocs/Lom/src/Factory/DataDriver.php">
        <class name="DataDriver" namespace="Iono\Lom\Factory" fullPackage="Iono" package="Iono">
          <metrics methods="2" coveredmethods="1" conditionals="0" coveredconditionals="0" statements="31" coveredstatements="29" elements="33" coveredelements="30"/>
        </class>
        <line num="33" type="method" name="generator" crap="9.05" count="2"/>
        <line num="35" type="stmt" count="2"/>
        <line num="36" type="stmt" count="2"/>
        <line num="37" type="stmt" count="2"/>
        <line num="38" type="stmt" count="2"/>
        <line num="39" type="stmt" count="2"/>
        <line num="40" type="stmt" count="2"/>
        <line num="41" type="stmt" count="2"/>
        <line num="42" type="stmt" count="2"/>
        <line num="43" type="stmt" count="2"/>
        <line num="44" type="stmt" count="0"/>
        <line num="46" type="stmt" count="2"/>
        <line num="47" type="stmt" count="2"/>
        <line num="48" type="stmt" count="2"/>
        <line num="49" type="stmt" count="2"/>
        <line num="50" type="stmt" count="0"/>
        <line num="52" type="stmt" count="2"/>
        <line num="53" type="stmt" count="2"/>
        <line num="54" type="stmt" count="2"/>
        <line num="55" type="stmt" count="1"/>
        <line num="56" type="stmt" count="1"/>
        <line num="57" type="stmt" count="2"/>
        <line num="58" type="stmt" count="2"/>
        <line num="60" type="stmt" count="2"/>
        <line num="68" type="method" name="createSetterMethod" crap="1" count="2"/>
        <line num="70" type="stmt" count="2"/>
        <line num="71" type="stmt" count="2"/>
        <line num="72" type="stmt" count="2"/>
        <line num="73" type="stmt" count="2"/>
        <line num="74" type="stmt" count="2"/>
        <line num="75" type="stmt" count="2"/>
        <line num="76" type="stmt" count="2"/>
        <line num="77" type="stmt" count="2"/>
        <metrics loc="79" ncloc="53" classes="1" methods="2" coveredmethods="1" conditionals="0" coveredconditionals="0" statements="31" coveredstatements="29" elements="33" coveredelements="30"/>
      </file>
      <file name="/Applications/MAMP/htdocs/Lom/src/Factory/GeneratorFactory.php">
        <class name="GeneratorFactory" namespace="Iono\Lom\Factory" fullPackage="Iono" package="Iono">
          <metrics methods="8" coveredmethods="8" conditionals="0" coveredconditionals="0" statements="28" coveredstatements="28" elements="36" coveredelements="36"/>
        </class>
        <line num="39" type="method" name="__construct" crap="1" count="6"/>
        <line num="41" type="stmt" count="6"/>
        <line num="42" type="stmt" count="6"/>
        <line num="43" type="stmt" count="6"/>
        <line num="49" type="method" name="driver" crap="1" count="6"/>
        <line num="51" type="stmt" count="6"/>
        <line num="52" type="stmt" count="6"/>
        <line num="53" type="stmt" count="6"/>
        <line num="55" type="stmt" count="6"/>
        <line num="61" type="method" name="createDataDriver" crap="1" count="3"/>
        <line num="63" type="stmt" count="3"/>
        <line num="64" type="stmt" count="3"/>
        <line num="66" type="stmt" count="3"/>
        <line num="72" type="method" name="createValueDriver" crap="1" count="1"/>
        <line num="74" type="stmt" count="1"/>
        <line num="75" type="stmt" count="1"/>
        <line num="77" type="stmt" count="1"/>
        <line num="84" type="method" name="createNoArgsConstructorDriver" crap="1" count="1"/>
        <line num="86" type="stmt" count="1"/>
        <line num="87" type="stmt" count="1"/>
        <line num="89" type="stmt" count="1"/>
        <line num="97" type="method" name="createAllArgsConstructorDriver" crap="1" count="3"/>
        <line num="99" type="stmt" count="3"/>
        <line num="100" type="stmt" count="3"/>
        <line num="102" type="stmt" count="3"/>
        <line num="103" type="stmt" count="3"/>
        <line num="111" type="method" name="createGetterDriver" crap="1" count="2"/>
        <line num="113" type="stmt" count="2"/>
        <line num="114" type="stmt" count="2"/>
        <line num="116" type="stmt" count="2"/>
        <line num="117" type="stmt" count="2"/>
        <line num="125" type="method" name="createSetterDriver" crap="1" count="2"/>
        <line num="127" type="stmt" count="2"/>
        <line num="128" type="stmt" count="2"/>
        <line num="130" type="stmt" count="2"/>
        <line num="131" type="stmt" count="2"/>
        <metrics loc="133" ncloc="81" classes="1" methods="8" coveredmethods="8" conditionals="0" coveredconditionals="0" statements="28" coveredstatements="28" elements="36" coveredelements="36"/>
      </file>
      <file name="/Applications/MAMP/htdocs/Lom/src/Factory/GetterDriver.php">
        <class name="GetterDriver" namespace="Iono\Lom\Factory" fullPackage="Iono" package="Iono">
          <metrics methods="3" coveredmethods="3" conditionals="0" coveredconditionals="0" statements="22" coveredstatements="22" elements="25" coveredelements="25"/>
        </class>
        <line num="34" type="method" name="generator" crap="3" count="1"/>
        <line num="36" type="stmt" count="1"/>
        <line num="37" type="stmt" count="1"/>
        <line num="38" type="stmt" count="1"/>
        <line num="39" type="stmt" count="1"/>
        <line num="40" type="stmt" count="1"/>
        <line num="41" type="stmt" count="1"/>
        <line num="42" type="stmt" count="1"/>
        <line num="43" type="stmt" count="1"/>
        <line num="44" type="stmt" count="1"/>
        <line num="45" type="stmt" count="1"/>
        <line num="47" type="stmt" count="1"/>
        <line num="53" type="method" name="resolveMethodName" crap="1" count="1"/>
        <line num="55" type="stmt" count="1"/>
        <line num="63" type="method" name="createGetterMethod" crap="1" count="1"/>
        <line num="65" type="stmt" count="1"/>
        <line num="67" type="stmt" count="1"/>
        <line num="68" type="stmt" count="1"/>
        <line num="69" type="stmt" count="1"/>
        <line num="70" type="stmt" count="1"/>
        <line num="71" type="stmt" count="1"/>
        <line num="72" type="stmt" count="1"/>
        <line num="73" type="stmt" count="1"/>
        <line num="74" type="stmt" count="1"/>
        <line num="75" type="stmt" count="1"/>
        <metrics loc="77" ncloc="49" classes="1" methods="3" coveredmethods="3" conditionals="0" coveredconditionals="0" statements="22" coveredstatements="22" elements="25" coveredelements="25"/>
      </file>
      <file name="/Applications/MAMP/htdocs/Lom/src/Factory/GetterTrait.php">
        <class name="GetterTrait" namespace="Iono\Lom\Factory" fullPackage="Iono" package="Iono">
          <metrics methods="3" coveredmethods="3" conditionals="0" coveredconditionals="0" statements="14" coveredstatements="14" elements="17" coveredelements="17"/>
        </class>
        <line num="36" type="method" name="createGetter" crap="1" count="3"/>
        <line num="38" type="stmt" count="3"/>
        <line num="39" type="stmt" count="3"/>
        <line num="41" type="stmt" count="3"/>
        <line num="42" type="stmt" count="3"/>
        <line num="47" type="method" name="getGetters" crap="1" count="3"/>
        <line num="49" type="stmt" count="3"/>
        <line num="57" type="method" name="createGetterMethod" crap="1" count="3"/>
        <line num="59" type="stmt" count="3"/>
        <line num="60" type="stmt" count="3"/>
        <line num="61" type="stmt" count="3"/>
        <line num="62" type="stmt" count="3"/>
        <line num="63" type="stmt" count="3"/>
        <line num="64" type="stmt" count="3"/>
        <line num="65" type="stmt" count="3"/>
        <line num="66" type="stmt" count="3"/>
        <line num="67" type="stmt" count="3"/>
        <metrics loc="69" ncloc="39" classes="1" methods="3" coveredmethods="3" conditionals="0" coveredconditionals="0" statements="14" coveredstatements="14" elements="17" coveredelements="17"/>
      </file>
      <file name="/Applications/MAMP/htdocs/Lom/src/Factory/NoArgsConstructorDriver.php">
        <class name="NoArgsConstructorDriver" namespace="Iono\Lom\Factory" fullPackage="Iono" package="Iono">
          <metrics methods="1" coveredmethods="0" conditionals="0" coveredconditionals="0" statements="6" coveredstatements="0" elements="7" coveredelements="0"/>
        </class>
        <line num="28" type="method" name="generator" crap="12" count="0"/>
        <line num="30" type="stmt" count="0"/>
        <line num="31" type="stmt" count="0"/>
        <line num="32" type="stmt" count="0"/>
        <line num="33" type="stmt" count="0"/>
        <line num="34" type="stmt" count="0"/>
        <line num="36" type="stmt" count="0"/>
        <metrics loc="38" ncloc="19" classes="1" methods="1" coveredmethods="0" conditionals="0" coveredconditionals="0" statements="6" coveredstatements="0" elements="7" coveredelements="0"/>
      </file>
      <file name="/Applications/MAMP/htdocs/Lom/src/Factory/SetterDriver.php">
        <class name="SetterDriver" namespace="Iono\Lom\Factory" fullPackage="Iono" package="Iono">
          <metrics methods="3" coveredmethods="3" conditionals="0" coveredconditionals="0" statements="21" coveredstatements="21" elements="24" coveredelements="24"/>
        </class>
        <line num="33" type="method" name="generator" crap="3" count="1"/>
        <line num="35" type="stmt" count="1"/>
        <line num="36" type="stmt" count="1"/>
        <line num="37" type="stmt" count="1"/>
        <line num="38" type="stmt" count="1"/>
        <line num="39" type="stmt" count="1"/>
        <line num="40" type="stmt" count="1"/>
        <line num="41" type="stmt" count="1"/>
        <line num="42" type="stmt" count="1"/>
        <line num="43" type="stmt" count="1"/>
        <line num="44" type="stmt" count="1"/>
        <line num="46" type="stmt" count="1"/>
        <line num="52" type="method" name="resolveMethodName" crap="1" count="1"/>
        <line num="54" type="stmt" count="1"/>
        <line num="62" type="method" name="createSetterMethod" crap="1" count="1"/>
        <line num="64" type="stmt" count="1"/>
        <line num="66" type="stmt" count="1"/>
        <line num="67" type="stmt" count="1"/>
        <line num="68" type="stmt" count="1"/>
        <line num="69" type="stmt" count="1"/>
        <line num="70" type="stmt" count="1"/>
        <line num="71" type="stmt" count="1"/>
        <line num="72" type="stmt" count="1"/>
        <line num="73" type="stmt" count="1"/>
        <metrics loc="75" ncloc="47" classes="1" methods="3" coveredmethods="3" conditionals="0" coveredconditionals="0" statements="21" coveredstatements="21" elements="24" coveredelements="24"/>
      </file>
      <file name="/Applications/MAMP/htdocs/Lom/src/Factory/SetterTrait.php">
        <class name="SetterTrait" namespace="Iono\Lom\Factory" fullPackage="Iono" package="Iono">
          <metrics methods="2" coveredmethods="2" conditionals="0" coveredconditionals="0" statements="5" coveredstatements="5" elements="7" coveredelements="7"/>
        </class>
        <line num="31" type="method" name="createSetter" crap="1" count="2"/>
        <line num="33" type="stmt" count="2"/>
        <line num="34" type="stmt" count="2"/>
        <line num="36" type="stmt" count="2"/>
        <line num="37" type="stmt" count="2"/>
        <line num="42" type="method" name="getSetters" crap="1" count="2"/>
        <line num="44" type="stmt" count="2"/>
        <metrics loc="46" ncloc="21" classes="1" methods="2" coveredmethods="2" conditionals="0" coveredconditionals="0" statements="5" coveredstatements="5" elements="7" coveredelements="7"/>
      </file>
      <file name="/Applications/MAMP/htdocs/Lom/src/Factory/ToStringTrait.php">
        <class name="ToStringTrait" namespace="Iono\Lom\Factory" fullPackage="Iono" package="Iono">
          <metrics methods="1" coveredmethods="1" conditionals="0" coveredconditionals="0" statements="12" coveredstatements="12" elements="13" coveredelements="13"/>
        </class>
        <line num="29" type="method" name="createToString" crap="2" count="2"/>
        <line num="31" type="stmt" count="2"/>
        <line num="32" type="stmt" count="2"/>
        <line num="33" type="stmt" count="2"/>
        <line num="34" type="stmt" count="2"/>
        <line num="35" type="stmt" count="2"/>
        <line num="36" type="stmt" count="2"/>
        <line num="37" type="stmt" count="2"/>
        <line num="39" type="stmt" count="2"/>
        <line num="40" type="stmt" count="2"/>
        <line num="41" type="stmt" count="2"/>
        <line num="42" type="stmt" count="2"/>
        <line num="43" type="stmt" count="2"/>
        <metrics loc="45" ncloc="25" classes="1" methods="1" coveredmethods="1" conditionals="0" coveredconditionals="0" statements="12" coveredstatements="12" elements="13" coveredelements="13"/>
      </file>
      <file name="/Applications/MAMP/htdocs/Lom/src/Factory/ValueDriver.php">
        <class name="ValueDriver" namespace="Iono\Lom\Factory" fullPackage="Iono" package="Iono">
          <metrics methods="1" coveredmethods="1" conditionals="0" coveredconditionals="0" statements="17" coveredstatements="17" elements="18" coveredelements="18"/>
        </class>
        <line num="32" type="method" name="generator" crap="7" count="1"/>
        <line num="34" type="stmt" count="1"/>
        <line num="35" type="stmt" count="1"/>
        <line num="36" type="stmt" count="1"/>
        <line num="37" type="stmt" count="1"/>
        <line num="38" type="stmt" count="1"/>
        <line num="39" type="stmt" count="1"/>
        <line num="40" type="stmt" count="1"/>
        <line num="41" type="stmt" count="1"/>
        <line num="42" type="stmt" count="1"/>
        <line num="44" type="stmt" count="1"/>
        <line num="45" type="stmt" count="1"/>
        <line num="46" type="stmt" count="1"/>
        <line num="47" type="stmt" count="1"/>
        <line num="48" type="stmt" count="1"/>
        <line num="49" type="stmt" count="1"/>
        <line num="50" type="stmt" count="1"/>
        <line num="51" type="stmt" count="1"/>
        <metrics loc="54" ncloc="33" classes="1" methods="1" coveredmethods="1" conditionals="0" coveredconditionals="0" statements="17" coveredstatements="17" elements="18" coveredelements="18"/>
      </file>
    </package>
    <file name="/Applications/MAMP/htdocs/Lom/src/Factory/FactoryInterface.php">
      <metrics loc="27" ncloc="8" classes="0" methods="0" coveredmethods="0" conditionals="0" coveredconditionals="0" statements="0" coveredstatements="0" elements="0" coveredelements="0"/>
    </file>
    <package name="Iono\Lom\Meta">
      <file name="/Applications/MAMP/htdocs/Lom/src/Meta/Accessors.php">
        <class name="Accessors" namespace="Iono\Lom\Meta">
          <metrics methods="0" coveredmethods="0" conditionals="0" coveredconditionals="0" statements="0" coveredstatements="0" elements="0" coveredelements="0"/>
        </class>
        <metrics loc="24" ncloc="8" classes="1" methods="0" coveredmethods="0" conditionals="0" coveredconditionals="0" statements="0" coveredstatements="0" elements="0" coveredelements="0"/>
      </file>
      <file name="/Applications/MAMP/htdocs/Lom/src/Meta/AllArgsConstructor.php">
        <class name="AllArgsConstructor" namespace="Iono\Lom\Meta">
          <metrics methods="0" coveredmethods="0" conditionals="0" coveredconditionals="0" statements="0" coveredstatements="0" elements="0" coveredelements="0"/>
        </class>
        <metrics loc="26" ncloc="8" classes="1" methods="0" coveredmethods="0" conditionals="0" coveredconditionals="0" statements="0" coveredstatements="0" elements="0" coveredelements="0"/>
      </file>
      <file name="/Applications/MAMP/htdocs/Lom/src/Meta/Data.php">
        <class name="Data" namespace="Iono\Lom\Meta">
          <metrics methods="0" coveredmethods="0" conditionals="0" coveredconditionals="0" statements="0" coveredstatements="0" elements="0" coveredelements="0"/>
        </class>
        <metrics loc="23" ncloc="8" classes="1" methods="0" coveredmethods="0" conditionals="0" coveredconditionals="0" statements="0" coveredstatements="0" elements="0" coveredelements="0"/>
      </file>
      <file name="/Applications/MAMP/htdocs/Lom/src/Meta/Getter.php">
        <class name="Getter" namespace="Iono\Lom\Meta">
          <metrics methods="0" coveredmethods="0" conditionals="0" coveredconditionals="0" statements="0" coveredstatements="0" elements="0" coveredelements="0"/>
        </class>
        <metrics loc="27" ncloc="11" classes="1" methods="0" coveredmethods="0" conditionals="0" coveredconditionals="0" statements="0" coveredstatements="0" elements="0" coveredelements="0"/>
      </file>
      <file name="/Applications/MAMP/htdocs/Lom/src/Meta/NoArgsConstructor.php">
        <class name="NoArgsConstructor" namespace="Iono\Lom\Meta">
          <metrics methods="0" coveredmethods="0" conditionals="0" coveredconditionals="0" statements="0" coveredstatements="0" elements="0" coveredelements="0"/>
        </class>
        <metrics loc="23" ncloc="8" classes="1" methods="0" coveredmethods="0" conditionals="0" coveredconditionals="0" statements="0" coveredstatements="0" elements="0" coveredelements="0"/>
      </file>
      <file name="/Applications/MAMP/htdocs/Lom/src/Meta/Setter.php">
        <class name="Setter" namespace="Iono\Lom\Meta">
          <metrics methods="0" coveredmethods="0" conditionals="0" coveredconditionals="0" statements="0" coveredstatements="0" elements="0" coveredelements="0"/>
        </class>
        <metrics loc="26" ncloc="8" classes="1" methods="0" coveredmethods="0" conditionals="0" coveredconditionals="0" statements="0" coveredstatements="0" elements="0" coveredelements="0"/>
      </file>
      <file name="/Applications/MAMP/htdocs/Lom/src/Meta/Value.php">
        <class name="Value" namespace="Iono\Lom\Meta">
          <metrics methods="0" coveredmethods="0" conditionals="0" coveredconditionals="0" statements="0" coveredstatements="0" elements="0" coveredelements="0"/>
        </class>
        <metrics loc="23" ncloc="8" classes="1" methods="0" coveredmethods="0" conditionals="0" coveredconditionals="0" statements="0" coveredstatements="0" elements="0" coveredelements="0"/>
      </file>
    </package>
    <metrics files="25" loc="1405" ncloc="776" classes="24" methods="48" coveredmethods="42" conditionals="0" coveredconditionals="0" statements="282" coveredstatements="263" elements="330" coveredelements="305"/>
  </project>
</coverage>
